<?xml version="1.0" encoding="UTF-8"?>
<testsuite name="com.code.signal.adjacentElementsProduct.ProductTest" tests="1" skipped="0" failures="0" errors="0" timestamp="2018-11-15T11:50:05" hostname="KASAMSZ1" time="0.007">
  <properties/>
  <testcase name="shouldReturnMaxValueAdjacentElements" classname="com.code.signal.adjacentElementsProduct.ProductTest" time="0.007"/>
  <system-out><![CDATA[]]></system-out>
  <system-err><![CDATA[]]></system-err>
</testsuite>
