<?xml version="1.0" encoding="UTF-8"?>
<testsuite name="com.code.signal.makeArrayConsecutive.MissingStatuesCounterTest" tests="1" skipped="0" failures="0" errors="0" timestamp="2018-11-15T11:50:05" hostname="KASAMSZ1" time="0.001">
  <properties/>
  <testcase name="shouldFindMissingStatuesNumber" classname="com.code.signal.makeArrayConsecutive.MissingStatuesCounterTest" time="0.001"/>
  <system-out><![CDATA[]]></system-out>
  <system-err><![CDATA[]]></system-err>
</testsuite>
